-------------------------------------------------------------------------------
Test set: TestSuite
-------------------------------------------------------------------------------
Tests run: 1, Failures: 1, Errors: 0, Skipped: 0, Time elapsed: 2.842 s <<< FAILURE! - in TestSuite
verifyBlogsAndComments(com.atmecs.atmecs_automation.testscripts.TestVerifyBlogs)  Time elapsed: 1.544 s  <<< FAILURE!
java.lang.NullPointerException
	at com.atmecs.atmecs_automation.testscripts.TestVerifyBlogs.verifyBlogsAndComments(TestVerifyBlogs.java:26)

