<?xml version="1.0" encoding="UTF-8"?>
<!-- Generated by org.testng.reporters.JUnitXMLReporter -->
<testsuite hostname="ATMECSINLT-085" ignored="0" name="Test" tests="1" failures="1" timestamp="17 Oct 2019 09:51:43 GMT" time="14.796" errors="0">
  <testcase name="verifyBlogsAndComments" time="14.72" classname="com.atmecs.atmecs_automation.testscripts.TestVerifyBlogs">
    <failure type="com.microsoft.sqlserver.jdbc.SQLServerException" message="This driver is not configured for integrated authentication. ClientConnectionId:dba95c65-84d4-4ab7-9b93-2329584e11ea">
      <![CDATA[com.microsoft.sqlserver.jdbc.SQLServerException: This driver is not configured for integrated authentication. ClientConnectionId:dba95c65-84d4-4ab7-9b93-2329584e11ea
at com.microsoft.sqlserver.jdbc.SQLServerConnection.terminate(SQLServerConnection.java:2924)
at com.microsoft.sqlserver.jdbc.AuthenticationJNI.<init>(AuthenticationJNI.java:73)
at com.microsoft.sqlserver.jdbc.SQLServerConnection.logon(SQLServerConnection.java:3686)
at com.microsoft.sqlserver.jdbc.SQLServerConnection.access$000(SQLServerConnection.java:94)
at com.microsoft.sqlserver.jdbc.SQLServerConnection$LogonCommand.doExecute(SQLServerConnection.java:3675)
at com.microsoft.sqlserver.jdbc.TDSCommand.execute(IOBuffer.java:7194)
at com.microsoft.sqlserver.jdbc.SQLServerConnection.executeCommand(SQLServerConnection.java:2979)
at com.microsoft.sqlserver.jdbc.SQLServerConnection.connectHelper(SQLServerConnection.java:2488)
at com.microsoft.sqlserver.jdbc.SQLServerConnection.login(SQLServerConnection.java:2142)
at com.microsoft.sqlserver.jdbc.SQLServerConnection.connectInternal(SQLServerConnection.java:1993)
at com.microsoft.sqlserver.jdbc.SQLServerConnection.connect(SQLServerConnection.java:1164)
at com.microsoft.sqlserver.jdbc.SQLServerDriver.connect(SQLServerDriver.java:760)
at java.sql.DriverManager.getConnection(Unknown Source)
at java.sql.DriverManager.getConnection(Unknown Source)
at com.atmecs.atmecs_automation.utils.DatabaseReader.dbConnection(DatabaseReader.java:16)
at com.atmecs.atmecs_automation.testscripts.TestVerifyBlogs.verifyBlogsAndComments(TestVerifyBlogs.java:25)
Caused by: java.lang.UnsatisfiedLinkError: no sqljdbc_auth in java.library.path
at java.lang.ClassLoader.loadLibrary(Unknown Source)
at java.lang.Runtime.loadLibrary0(Unknown Source)
at java.lang.System.loadLibrary(Unknown Source)
at com.microsoft.sqlserver.jdbc.AuthenticationJNI.<clinit>(AuthenticationJNI.java:52)
at com.microsoft.sqlserver.jdbc.SQLServerConnection.logon(SQLServerConnection.java:3685)
... 39 more
... Removed 26 stack frames]]>
    </failure>
  </testcase> <!-- verifyBlogsAndComments -->
</testsuite> <!-- Test -->
