<?xml version="1.0" encoding="UTF-8"?>
<!-- Generated by org.testng.reporters.JUnitXMLReporter -->
<testsuite hostname="ATMECSINLT-085" ignored="0" name="Test" tests="1" failures="1" timestamp="17 Oct 2019 13:38:31 GMT" time="1.591" errors="0">
  <testcase name="verifyBlogsAndComments" time="1.556" classname="com.atmecs.atmecs_automation.testscripts.TestVerifyBlogs">
    <failure type="java.lang.NullPointerException">
      <![CDATA[java.lang.NullPointerException
at com.atmecs.atmecs_automation.utils.DatabaseReader.insertQuery(DatabaseReader.java:21)
at com.atmecs.atmecs_automation.testscripts.TestVerifyBlogs.verifyBlogsAndComments(TestVerifyBlogs.java:26)
... Removed 30 stack frames]]>
    </failure>
  </testcase> <!-- verifyBlogsAndComments -->
</testsuite> <!-- Test -->
